<?xml version="1.0" encoding="UTF-8"?>
<testng-results total="1" passed="1" failed="0" skipped="0">
  <reporter-output>
    <line>
      <![CDATA[test finish]]>
    </line>
  </reporter-output>
  <suite started-at="2019-10-29T17:06:44Z" name="Default Suite" finished-at="2019-10-29T17:07:03Z" duration-ms="19306">
    <groups>
    </groups>
    <test started-at="2019-10-29T17:06:44Z" name="newtraining" finished-at="2019-10-29T17:07:03Z" duration-ms="19306">
      <class name="Steps.Ebay">
        <test-method is-config="true" signature="setUp()[pri:0, instance:Steps.Ebay@4eb7f003]" started-at="2019-10-29T18:06:44Z" name="setUp" finished-at="2019-10-29T18:06:48Z" duration-ms="4443" status="PASS">
          <reporter-output>
          </reporter-output>
        </test-method> <!-- setUp -->
        <test-method signature="getMainPage()[pri:0, instance:Steps.Ebay@4eb7f003]" started-at="2019-10-29T18:06:48Z" name="getMainPage" finished-at="2019-10-29T18:07:01Z" duration-ms="13138" status="PASS">
          <reporter-output>
            <line>
              <![CDATA[test finish]]>
            </line>
          </reporter-output>
        </test-method> <!-- getMainPage -->
        <test-method is-config="true" signature="tearDown()[pri:0, instance:Steps.Ebay@4eb7f003]" started-at="2019-10-29T18:07:01Z" name="tearDown" finished-at="2019-10-29T18:07:03Z" duration-ms="1699" status="PASS">
          <reporter-output>
          </reporter-output>
        </test-method> <!-- tearDown -->
      </class> <!-- Steps.Ebay -->
    </test> <!-- newtraining -->
  </suite> <!-- Default Suite -->
</testng-results>
